2026-07-16 06:36:46,009 [INFO] ============================================================
2026-07-16 06:36:46,009 [INFO] BO Signal Engine — Daily Retraining Started
2026-07-16 06:36:46,017 [INFO] UTC time : 2026-07-16T05:36:46.017307+00:00
2026-07-16 06:36:46,017 [INFO] Backend  : C:\Users\DR SEGUN\Downloads\bo-signal-v2-upgrade\bo-signal-v2-upgrade
2026-07-16 06:36:46,017 [INFO] ============================================================
2026-07-16 06:37:27,204 [INFO] Fetching 2000 x 5m candles for BTC/USDT...
2026-07-16 06:37:30,504 [INFO] Got 1820 candles | 2026-07-09 00:00:00+00:00 → 2026-07-16 05:35:00+00:00
2026-07-16 06:37:30,504 [INFO] Extracting features for 1769 candles (no MTF network calls)...
2026-07-16 06:37:30,728 [INFO]   0/1769 (0%) done...
2026-07-16 06:42:13,304 [INFO]   400/1769 (23%) done...
2026-07-16 06:56:46,576 [INFO]   800/1769 (45%) done...
2026-07-16 07:16:35,814 [INFO]   1200/1769 (68%) done...
2026-07-16 08:02:11,667 [INFO]   1600/1769 (90%) done...
2026-07-16 09:46:39,894 [INFO] ============================================================
2026-07-16 09:46:39,914 [INFO] BO Signal Engine — Daily Retraining Started
2026-07-16 09:46:39,948 [INFO] UTC time : 2026-07-16T08:46:39.946400+00:00
2026-07-16 09:46:39,948 [INFO] Backend  : C:\Users\DR SEGUN\Downloads\bo-signal-v2-upgrade\bo-signal-v2-upgrade
2026-07-16 09:46:39,950 [INFO] ============================================================
2026-07-16 09:49:29,579 [INFO] Fetching 2000 x 5m candles for BTC/USDT...
2026-07-16 09:49:33,540 [INFO] Got 1858 candles | 2026-07-09 00:00:00+00:00 → 2026-07-16 08:45:00+00:00
2026-07-16 09:49:33,556 [INFO] Extracting features for 1807 candles (no MTF network calls)...
2026-07-16 09:49:33,747 [INFO]   0/1807 (0%) done...
2026-07-16 09:55:36,884 [INFO]   400/1807 (22%) done...
2026-07-16 10:00:04,743 [INFO] Feature matrix: (1769, 35) | Labels: (1769,)
2026-07-16 10:00:04,755 [INFO] Label balance: 51.8% bullish / 48.2% bearish
2026-07-16 10:00:04,844 [INFO] Training XGBoost + CatBoost + LightGBM ensemble...
2026-07-16 10:00:24,388 [INFO] Training complete: {'train_rows': 1415, 'test_rows': 354, 'accuracy': 0.5056497175141242}
2026-07-16 10:00:24,389 [INFO]   Train rows : 1415
2026-07-16 10:00:24,392 [INFO]   Test rows  : 354
2026-07-16 10:00:24,393 [INFO]   Accuracy   : 0.5056 (50.6%)
2026-07-16 10:00:24,396 [INFO] ============================================================
2026-07-16 10:00:24,396 [INFO] Retraining COMPLETE — new model is live
2026-07-16 10:00:24,397 [INFO] ============================================================
2026-07-16 10:15:37,655 [INFO]   800/1807 (44%) done...
2026-07-16 12:03:40,383 [INFO]   1200/1807 (66%) done...
2026-07-16 13:44:20,012 [INFO]   1600/1807 (89%) done...
2026-07-16 14:28:20,319 [INFO] Feature matrix: (1807, 35) | Labels: (1807,)
2026-07-16 14:28:20,369 [INFO] Label balance: 51.4% bullish / 48.6% bearish
2026-07-16 14:28:20,956 [INFO] Existing model backed up → ensemble_bundle_backup_2026-07-16.pkl
2026-07-16 14:28:20,958 [INFO] Training XGBoost + CatBoost + LightGBM ensemble...
2026-07-16 14:28:47,511 [INFO] Training complete: {'train_rows': 1445, 'test_rows': 362, 'accuracy': 0.505524861878453}
2026-07-16 14:28:47,515 [INFO]   Train rows : 1445
2026-07-16 14:28:47,515 [INFO]   Test rows  : 362
2026-07-16 14:28:47,515 [INFO]   Accuracy   : 0.5055 (50.6%)
2026-07-16 14:28:47,575 [INFO] ============================================================
2026-07-16 14:28:47,575 [INFO] Retraining COMPLETE — new model is live
2026-07-16 14:28:47,575 [INFO] ============================================================
